%!Adobe-FontList 1.13
%Locale:0x80a

%BeginFont
Handler:DirectoryHandler
FontType:Invalid
OutlineFileName:C:\Users\SONIA\Desktop\material para actualizar\micrositios 2010\TERMINADOS\EL SABOR DE LA CULTURA ok\Font\font1.swf
FileModTime:1103814802
%EndFont

%BeginFont
Handler:DirectoryHandler
FontType:Invalid
OutlineFileName:C:\Users\SONIA\Desktop\material para actualizar\micrositios 2010\TERMINADOS\EL SABOR DE LA CULTURA ok\Font\font2.swf
FileModTime:1103814802
%EndFont

%BeginFont
Handler:DirectoryHandler
FontType:Invalid
OutlineFileName:C:\Users\SONIA\Desktop\material para actualizar\micrositios 2010\TERMINADOS\EL SABOR DE LA CULTURA ok\Font\font3.swf
FileModTime:1103814802
%EndFont

%BeginFont
Handler:DirectoryHandler
FontType:Invalid
OutlineFileName:C:\Users\SONIA\Desktop\material para actualizar\micrositios 2010\TERMINADOS\EL SABOR DE LA CULTURA ok\Font\font4.swf
FileModTime:1103814802
%EndFont

